<?xml version="1.0" encoding="UTF-8"?>
<testsuite xmlns:xsi="http://www.w3.org/2001/XMLSchema-instance" xsi:noNamespaceSchemaLocation="https://maven.apache.org/surefire/maven-surefire-plugin/xsd/surefire-test-report-3.0.xsd" version="3.0" name="git.yannynz.organizadorproducao.service.OpImportServiceIntegrationTest" time="10.495" tests="1" errors="0" skipped="0" failures="0">
  <properties>
[...]
</properties>
  <testcase name="importar_op_pdf_cria_cliente_e_endereco" classname="git.yannynz.organizadorproducao.service.OpImportServiceIntegrationTest" time="0.237">
    <system-out><![CDATA[2026-02-10T17:00:13.989-03:00  INFO 160979 --- [organizador-producao] [           main] t.c.s.AnnotationConfigContextLoaderUtils : Could not detect default configuration classes for test class [git.yannynz.organizadorproducao.service.OpImportServiceIntegrationTest]: OpImportServiceIntegrationTest does not declare any static, non-private, non-final, nested classes annotated with @Configuration.
2026-02-10T17:00:14.018-03:00  INFO 160979 --- [organizador-producao] [           main] .b.t.c.SpringBootTestContextBootstrapper : Found @SpringBootConfiguration git.yannynz.organizadorproducao.OrganizadorProducao for test class git.yannynz.organizadorproducao.service.OpImportServiceIntegrationTest
2026-02-10T17:00:14.031-03:00  INFO 160979 --- [organizador-producao] [           main] o.s.b.d.r.RestartApplicationListener     : Restart disabled due to context in which it is running
  .   ____          _            __ _ _
 /\\ / ___'_ __ _ _(_)_ __  __ _ \ \ \ \
( ( )\___ | '_ | '_| | '_ \/ _` | \ \ \ \
 \\/  ___)| |_)| | | | | || (_| |  ) ) ) )
  '  |____| .__|_| |_|_| |_\__, | / / / /
 =========|_|==============|___/=/_/_/_/

 :: Spring Boot ::                (v3.3.0)

2026-02-10T17:00:14.069-03:00  INFO 160979 --- [organizador-producao] [           main] g.y.o.s.OpImportServiceIntegrationTest   : Starting OpImportServiceIntegrationTest using Java 21.0.10 with PID 160979 (started by ynz in /home/ynz/Documents/organizador-producao)
2026-02-10T17:00:14.071-03:00  INFO 160979 --- [organizador-producao] [           main] g.y.o.s.OpImportServiceIntegrationTest   : No active profile set, falling back to 1 default profile: "default"
2026-02-10T17:00:15.188-03:00  INFO 160979 --- [organizador-producao] [           main] .s.d.r.c.RepositoryConfigurationDelegate : Bootstrapping Spring Data JPA repositories in DEFAULT mode.
2026-02-10T17:00:15.262-03:00  INFO 160979 --- [organizador-producao] [           main] .s.d.r.c.RepositoryConfigurationDelegate : Finished Spring Data repository scanning in 66 ms. Found 9 JPA repository interfaces.
2026-02-10T17:00:16.266-03:00  INFO 160979 --- [organizador-producao] [           main] com.zaxxer.hikari.HikariDataSource       : HikariPool-1 - Starting...
2026-02-10T17:00:16.511-03:00  INFO 160979 --- [organizador-producao] [           main] com.zaxxer.hikari.pool.HikariPool        : HikariPool-1 - Added connection org.postgresql.jdbc.PgConnection@730c9287
2026-02-10T17:00:16.513-03:00  INFO 160979 --- [organizador-producao] [           main] com.zaxxer.hikari.HikariDataSource       : HikariPool-1 - Start completed.
2026-02-10T17:00:16.561-03:00  INFO 160979 --- [organizador-producao] [           main] org.flywaydb.core.FlywayExecutor         : Database: jdbc:postgresql://localhost:5433/teste01 (PostgreSQL 17.6)
2026-02-10T17:00:16.710-03:00  INFO 160979 --- [organizador-producao] [           main] o.f.core.internal.command.DbValidate     : Successfully validated 32 migrations (execution time 00:00.109s)
2026-02-10T17:00:16.777-03:00  INFO 160979 --- [organizador-producao] [           main] o.f.core.internal.command.DbMigrate      : Current version of schema "public": 20260123
2026-02-10T17:00:16.782-03:00  WARN 160979 --- [organizador-producao] [           main] o.f.core.internal.command.DbMigrate      : outOfOrder mode is active. Migration of schema "public" may not be reproducible.
2026-02-10T17:00:16.787-03:00  INFO 160979 --- [organizador-producao] [           main] o.f.core.internal.command.DbMigrate      : Schema "public" is up to date. No migration necessary.
2026-02-10T17:00:17.025-03:00  INFO 160979 --- [organizador-producao] [           main] o.hibernate.jpa.internal.util.LogHelper  : HHH000204: Processing PersistenceUnitInfo [name: default]
2026-02-10T17:00:17.121-03:00  INFO 160979 --- [organizador-producao] [           main] org.hibernate.Version                    : HHH000412: Hibernate ORM core version 6.5.2.Final
2026-02-10T17:00:17.171-03:00  INFO 160979 --- [organizador-producao] [           main] o.h.c.internal.RegionFactoryInitiator    : HHH000026: Second-level cache disabled
2026-02-10T17:00:17.314-03:00  WARN 160979 --- [organizador-producao] [           main] org.hibernate.orm.deprecation            : HHH90000025: PostgreSQLDialect does not need to be specified explicitly using 'hibernate.dialect' (remove the property setting and it will be selected by default)
2026-02-10T17:00:17.482-03:00  INFO 160979 --- [organizador-producao] [           main] o.s.o.j.p.SpringPersistenceUnitInfo      : No LoadTimeWeaver setup: ignoring JPA class transformer
2026-02-10T17:00:18.994-03:00  INFO 160979 --- [organizador-producao] [           main] o.h.e.t.j.p.i.JtaPlatformInitiator       : HHH000489: No JTA platform available (set 'hibernate.transaction.jta.platform' to enable JTA platform integration)
2026-02-10T17:00:18.997-03:00  INFO 160979 --- [organizador-producao] [           main] j.LocalContainerEntityManagerFactoryBean : Initialized JPA EntityManagerFactory for persistence unit 'default'
2026-02-10T17:00:19.909-03:00  INFO 160979 --- [organizador-producao] [           main] o.s.d.j.r.query.QueryEnhancerFactory     : Hibernate is in classpath; If applicable, HQL parser will be used.
2026-02-10T17:00:20.258-03:00  INFO 160979 --- [organizador-producao] [           main] eAuthenticationProviderManagerConfigurer : Global AuthenticationManager configured with AuthenticationProvider bean with name authenticationProvider
2026-02-10T17:00:20.258-03:00  WARN 160979 --- [organizador-producao] [           main] r$InitializeUserDetailsManagerConfigurer : Global AuthenticationManager configured with an AuthenticationProvider bean. UserDetailsService beans will not be used for username/password login. Consider removing the AuthenticationProvider bean. Alternatively, consider using the UserDetailsService in a manually instantiated DaoAuthenticationProvider.
2026-02-10T17:00:22.275-03:00  WARN 160979 --- [organizador-producao] [           main] JpaBaseConfiguration$JpaWebConfiguration : spring.jpa.open-in-view is enabled by default. Therefore, database queries may be performed during view rendering. Explicitly configure spring.jpa.open-in-view to disable this warning
2026-02-10T17:00:22.841-03:00  INFO 160979 --- [organizador-producao] [           main] o.s.b.a.e.web.EndpointLinksResolver      : Exposing 4 endpoints beneath base path '/actuator'
2026-02-10T17:00:22.965-03:00  INFO 160979 --- [organizador-producao] [           main] o.s.s.web.DefaultSecurityFilterChain     : Will secure any request with [org.springframework.security.web.session.DisableEncodeUrlFilter@e3ded9, org.springframework.security.web.context.request.async.WebAsyncManagerIntegrationFilter@5ee1a359, org.springframework.security.web.context.SecurityContextHolderFilter@a58735f, org.springframework.security.web.header.HeaderWriterFilter@44e666df, org.springframework.web.filter.CorsFilter@3ca57afe, org.springframework.security.web.authentication.logout.LogoutFilter@2eba393, git.yannynz.organizadorproducao.infra.security.JwtAuthenticationFilter@3a4dea70, org.springframework.security.web.savedrequest.RequestCacheAwareFilter@4388206e, org.springframework.security.web.servletapi.SecurityContextHolderAwareRequestFilter@f95a28, org.springframework.security.web.authentication.AnonymousAuthenticationFilter@639a1191, org.springframework.security.web.session.SessionManagementFilter@2ce7760f, org.springframework.security.web.access.ExceptionTranslationFilter@1d4d84fb, org.springframework.security.web.access.intercept.AuthorizationFilter@786d9f87]
2026-02-10T17:00:23.765-03:00  INFO 160979 --- [organizador-producao] [           main] o.s.m.s.b.SimpleBrokerMessageHandler     : Starting...
2026-02-10T17:00:23.766-03:00  INFO 160979 --- [organizador-producao] [           main] o.s.m.s.b.SimpleBrokerMessageHandler     : BrokerAvailabilityEvent[available=true, SimpleBrokerMessageHandler [org.springframework.messaging.simp.broker.DefaultSubscriptionRegistry@7e77ec04]]
2026-02-10T17:00:23.767-03:00  INFO 160979 --- [organizador-producao] [           main] o.s.m.s.b.SimpleBrokerMessageHandler     : Started.
2026-02-10T17:00:23.772-03:00  INFO 160979 --- [organizador-producao] [           main] o.s.a.r.c.CachingConnectionFactory       : Attempting to connect to: [localhost:5672]
2026-02-10T17:00:23.854-03:00  INFO 160979 --- [organizador-producao] [           main] o.s.a.r.c.CachingConnectionFactory       : Created new connection: rabbitConnectionFactory#2f457fa2:0/SimpleConnection@64c191e1 [delegate=amqp://guest@127.0.0.1:5672/, localPort=50318]
2026-02-10T17:00:24.005-03:00  INFO 160979 --- [organizador-producao] [           main] g.y.o.s.OpImportServiceIntegrationTest   : Started OpImportServiceIntegrationTest in 9.976 seconds (process running for 18.031)
Iniciando serviço de monitoramento de pastas...
Atualizando prioridades dos pedidos...
2026-02-10T17:00:24.281-03:00  INFO 160979 --- [organizador-producao] [           main] g.y.o.service.OpImportService            : [IMPORT] recebida mensagem: numeroOp=120432-TST, dataOp=2025-11-12
2026-02-10T17:00:24.299-03:00  INFO 160979 --- [organizador-producao] [           main] g.y.o.service.OpImportService            : [IMPORT] flags calculadas OP 120432-TST -> emborrachada=false, pertinax=null, poliester=null, papelCalibrado=null, vaiVinco=true, locks(e=false,pt=false,po=false,pc=false,vinco=false)
2026-02-10T17:00:24.425-03:00  INFO 160979 --- [organizador-producao] [           main] g.y.o.service.OpImportService            : [IMPORT] OP salva: id=2108, nr=120432-TST, emborrachada=false, dataOp=2025-11-12T00:00-03:00[America/Sao_Paulo]
]]></system-out>
  </testcase>
</testsuite>