<?xml version="1.0" encoding="UTF-8"?>
<testsuite xmlns:xsi="http://www.w3.org/2001/XMLSchema-instance" xsi:noNamespaceSchemaLocation="https://maven.apache.org/surefire/maven-surefire-plugin/xsd/surefire-test-report-3.0.xsd" version="3.0" name="git.yannynz.organizadorproducao.controller.OpImportControllerTest" time="3.415" tests="2" errors="0" skipped="0" failures="0">
  <properties>
[...]
</properties>
  <testcase name="getByNr_ShouldReturn404_WhenNotFound" classname="git.yannynz.organizadorproducao.controller.OpImportControllerTest" time="0.18">
    <system-out><![CDATA[08:30:50.344 [main] INFO org.springframework.boot.test.context.SpringBootTestContextBootstrapper -- Found @SpringBootConfiguration git.yannynz.organizadorproducao.OrganizadorProducao for test class git.yannynz.organizadorproducao.controller.OpImportControllerTest
08:30:50.433 [main] INFO org.springframework.boot.devtools.restart.RestartApplicationListener -- Restart disabled due to context in which it is running
  .   ____          _            __ _ _
 /\\ / ___'_ __ _ _(_)_ __  __ _ \ \ \ \
( ( )\___ | '_ | '_| | '_ \/ _` | \ \ \ \
 \\/  ___)| |_)| | | | | || (_| |  ) ) ) )
  '  |____| .__|_| |_|_| |_\__, | / / / /
 =========|_|==============|___/=/_/_/_/

 :: Spring Boot ::                (v3.3.0)

2026-02-03T08:30:50.827-03:00  INFO 14769 --- [organizador-producao] [           main] g.y.o.controller.OpImportControllerTest  : Starting OpImportControllerTest using Java 21.0.9 with PID 14769 (started by ynz in /home/ynz/Documents/organizador-producao)
2026-02-03T08:30:50.829-03:00  INFO 14769 --- [organizador-producao] [           main] g.y.o.controller.OpImportControllerTest  : No active profile set, falling back to 1 default profile: "default"
2026-02-03T08:30:52.170-03:00  WARN 14769 --- [organizador-producao] [           main] .s.s.UserDetailsServiceAutoConfiguration : 

Using generated security password: a2d5fb6e-4e9b-48d1-a136-5fada3bcf14b

This generated password is for development use only. Your security configuration must be updated before running your application in production.

2026-02-03T08:30:52.870-03:00  INFO 14769 --- [organizador-producao] [           main] r$InitializeUserDetailsManagerConfigurer : Global AuthenticationManager configured with UserDetailsService bean with name inMemoryUserDetailsManager
2026-02-03T08:30:53.018-03:00  INFO 14769 --- [organizador-producao] [           main] o.s.s.web.DefaultSecurityFilterChain     : Will secure any request with [org.springframework.security.web.session.DisableEncodeUrlFilter@33373f70, org.springframework.security.web.context.request.async.WebAsyncManagerIntegrationFilter@56f61d74, org.springframework.security.web.context.SecurityContextHolderFilter@2066e897, org.springframework.security.web.header.HeaderWriterFilter@3a116ca6, org.springframework.web.filter.CorsFilter@44d84313, org.springframework.security.web.csrf.CsrfFilter@24842b8e, org.springframework.security.web.authentication.logout.LogoutFilter@11c25846, org.springframework.security.web.authentication.UsernamePasswordAuthenticationFilter@400008bf, org.springframework.security.web.authentication.ui.DefaultLoginPageGeneratingFilter@453a30f8, org.springframework.security.web.authentication.ui.DefaultLogoutPageGeneratingFilter@5bdb9c69, org.springframework.security.web.authentication.www.BasicAuthenticationFilter@59278072, org.springframework.security.web.savedrequest.RequestCacheAwareFilter@64540344, org.springframework.security.web.servletapi.SecurityContextHolderAwareRequestFilter@1c98fe6f, org.springframework.security.web.authentication.AnonymousAuthenticationFilter@511de4dd, org.springframework.security.web.access.ExceptionTranslationFilter@28bc9749, org.springframework.security.web.access.intercept.AuthorizationFilter@128a188a]
2026-02-03T08:30:53.096-03:00  INFO 14769 --- [organizador-producao] [           main] o.s.b.t.m.w.SpringBootMockServletContext : Initializing Spring TestDispatcherServlet ''
2026-02-03T08:30:53.096-03:00  INFO 14769 --- [organizador-producao] [           main] o.s.t.web.servlet.TestDispatcherServlet  : Initializing Servlet ''
2026-02-03T08:30:53.098-03:00  INFO 14769 --- [organizador-producao] [           main] o.s.t.web.servlet.TestDispatcherServlet  : Completed initialization in 2 ms
2026-02-03T08:30:53.130-03:00  INFO 14769 --- [organizador-producao] [           main] g.y.o.controller.OpImportControllerTest  : Started OpImportControllerTest in 2.709 seconds (process running for 6.395)
Iniciando serviço de monitoramento de pastas...
]]></system-out>
  </testcase>
  <testcase name="getByNr_ShouldReturnOp_WhenFound" classname="git.yannynz.organizadorproducao.controller.OpImportControllerTest" time="0.082"/>
</testsuite>