<?xml version="1.0" encoding="UTF-8"?>
<testsuite xmlns:xsi="http://www.w3.org/2001/XMLSchema-instance" xsi:noNamespaceSchemaLocation="https://maven.apache.org/surefire/maven-surefire-plugin/xsd/surefire-test-report-3.0.xsd" version="3.0" name="git.yannynz.organizadorproducao.OrganizadorProducaoApplicationTests" time="12.359" tests="1" errors="0" skipped="0" failures="0">
  <properties>
[...]
</properties>
  <testcase name="contextLoads" classname="git.yannynz.organizadorproducao.OrganizadorProducaoApplicationTests" time="0.844">
    <system-out><![CDATA[12:16:54.391 [main] INFO org.springframework.test.context.support.AnnotationConfigContextLoaderUtils -- Could not detect default configuration classes for test class [git.yannynz.organizadorproducao.OrganizadorProducaoApplicationTests]: OrganizadorProducaoApplicationTests does not declare any static, non-private, non-final, nested classes annotated with @Configuration.
12:16:54.631 [main] INFO org.springframework.boot.test.context.SpringBootTestContextBootstrapper -- Found @SpringBootConfiguration git.yannynz.organizadorproducao.OrganizadorProducao for test class git.yannynz.organizadorproducao.OrganizadorProducaoApplicationTests
12:16:55.049 [main] INFO org.springframework.boot.devtools.restart.RestartApplicationListener -- Restart disabled due to context in which it is running
  .   ____          _            __ _ _
 /\\ / ___'_ __ _ _(_)_ __  __ _ \ \ \ \
( ( )\___ | '_ | '_| | '_ \/ _` | \ \ \ \
 \\/  ___)| |_)| | | | | || (_| |  ) ) ) )
  '  |____| .__|_| |_|_| |_\__, | / / / /
 =========|_|==============|___/=/_/_/_/

 :: Spring Boot ::                (v3.3.0)

2024-11-11T12:16:55.849-03:00  INFO 9397 --- [organizador-producao] [           main] .y.o.OrganizadorProducaoApplicationTests : Starting OrganizadorProducaoApplicationTests using Java 22.0.2 with PID 9397 (started by yann in /home/yann/Documentos/organizador-producao)
2024-11-11T12:16:55.853-03:00  INFO 9397 --- [organizador-producao] [           main] .y.o.OrganizadorProducaoApplicationTests : No active profile set, falling back to 1 default profile: "default"
2024-11-11T12:16:57.694-03:00  INFO 9397 --- [organizador-producao] [           main] .s.d.r.c.RepositoryConfigurationDelegate : Multiple Spring Data modules found, entering strict repository configuration mode
2024-11-11T12:16:57.696-03:00  INFO 9397 --- [organizador-producao] [           main] .s.d.r.c.RepositoryConfigurationDelegate : Bootstrapping Spring Data JDBC repositories in DEFAULT mode.
2024-11-11T12:16:57.765-03:00  INFO 9397 --- [organizador-producao] [           main] .RepositoryConfigurationExtensionSupport : Spring Data JDBC - Could not safely identify store assignment for repository candidate interface git.yannynz.organizadorproducao.repository.OrderRepository; If you want this repository to be a JDBC repository, consider annotating your entities with one of these annotations: org.springframework.data.relational.core.mapping.Table.
2024-11-11T12:16:57.771-03:00  INFO 9397 --- [organizador-producao] [           main] .s.d.r.c.RepositoryConfigurationDelegate : Finished Spring Data repository scanning in 66 ms. Found 0 JDBC repository interfaces.
2024-11-11T12:16:57.822-03:00  INFO 9397 --- [organizador-producao] [           main] .s.d.r.c.RepositoryConfigurationDelegate : Multiple Spring Data modules found, entering strict repository configuration mode
2024-11-11T12:16:57.824-03:00  INFO 9397 --- [organizador-producao] [           main] .s.d.r.c.RepositoryConfigurationDelegate : Bootstrapping Spring Data JPA repositories in DEFAULT mode.
2024-11-11T12:16:57.960-03:00  INFO 9397 --- [organizador-producao] [           main] .s.d.r.c.RepositoryConfigurationDelegate : Finished Spring Data repository scanning in 110 ms. Found 1 JPA repository interface.
2024-11-11T12:16:59.024-03:00  INFO 9397 --- [organizador-producao] [           main] o.hibernate.jpa.internal.util.LogHelper  : HHH000204: Processing PersistenceUnitInfo [name: default]
2024-11-11T12:16:59.148-03:00  INFO 9397 --- [organizador-producao] [           main] org.hibernate.Version                    : HHH000412: Hibernate ORM core version 6.5.2.Final
2024-11-11T12:16:59.224-03:00  INFO 9397 --- [organizador-producao] [           main] o.h.c.internal.RegionFactoryInitiator    : HHH000026: Second-level cache disabled
2024-11-11T12:16:59.873-03:00  INFO 9397 --- [organizador-producao] [           main] o.s.o.j.p.SpringPersistenceUnitInfo      : No LoadTimeWeaver setup: ignoring JPA class transformer
2024-11-11T12:16:59.925-03:00  INFO 9397 --- [organizador-producao] [           main] com.zaxxer.hikari.HikariDataSource       : HikariPool-1 - Starting...
2024-11-11T12:17:01.014-03:00  INFO 9397 --- [organizador-producao] [           main] com.zaxxer.hikari.pool.HikariPool        : HikariPool-1 - Added connection org.postgresql.jdbc.PgConnection@14e3d439
2024-11-11T12:17:01.017-03:00  INFO 9397 --- [organizador-producao] [           main] com.zaxxer.hikari.HikariDataSource       : HikariPool-1 - Start completed.
2024-11-11T12:17:01.109-03:00  WARN 9397 --- [organizador-producao] [           main] org.hibernate.orm.deprecation            : HHH90000025: PostgreSQLDialect does not need to be specified explicitly using 'hibernate.dialect' (remove the property setting and it will be selected by default)
2024-11-11T12:17:02.784-03:00  INFO 9397 --- [organizador-producao] [           main] o.h.e.t.j.p.i.JtaPlatformInitiator       : HHH000489: No JTA platform available (set 'hibernate.transaction.jta.platform' to enable JTA platform integration)
2024-11-11T12:17:02.964-03:00  INFO 9397 --- [organizador-producao] [           main] j.LocalContainerEntityManagerFactoryBean : Initialized JPA EntityManagerFactory for persistence unit 'default'
2024-11-11T12:17:04.114-03:00  WARN 9397 --- [organizador-producao] [           main] JpaBaseConfiguration$JpaWebConfiguration : spring.jpa.open-in-view is enabled by default. Therefore, database queries may be performed during view rendering. Explicitly configure spring.jpa.open-in-view to disable this warning
2024-11-11T12:17:05.377-03:00  INFO 9397 --- [organizador-producao] [           main] o.s.m.s.b.SimpleBrokerMessageHandler     : Starting...
2024-11-11T12:17:05.379-03:00  INFO 9397 --- [organizador-producao] [           main] o.s.m.s.b.SimpleBrokerMessageHandler     : BrokerAvailabilityEvent[available=true, SimpleBrokerMessageHandler [org.springframework.messaging.simp.broker.DefaultSubscriptionRegistry@726ee6cf]]
2024-11-11T12:17:05.381-03:00  INFO 9397 --- [organizador-producao] [           main] o.s.m.s.b.SimpleBrokerMessageHandler     : Started.
2024-11-11T12:17:05.401-03:00  INFO 9397 --- [organizador-producao] [           main] .y.o.OrganizadorProducaoApplicationTests : Started OrganizadorProducaoApplicationTests in 10.393 seconds (process running for 12.477)
Iniciando monitoramento da pasta testPaste: /home/yann/Documentos/testPaste
Iniciando monitoramento da pasta facasOk: /home/yann/Documentos/facasOk
Monitorando pasta: /home/yann/Documentos/facasOk
Monitorando pasta: /home/yann/Documentos/testPaste
]]></system-out>
    <system-err><![CDATA[WARNING: A Java agent has been loaded dynamically (/home/yann/.m2/repository/net/bytebuddy/byte-buddy-agent/1.14.16/byte-buddy-agent-1.14.16.jar)
WARNING: If a serviceability tool is in use, please run with -XX:+EnableDynamicAgentLoading to hide this warning
WARNING: If a serviceability tool is not in use, please run with -Djdk.instrument.traceUsage for more information
WARNING: Dynamic loading of agents will be disallowed by default in a future release
]]></system-err>
  </testcase>
</testsuite>