<?xml version="1.0" encoding="UTF-8"?>
<testsuite xmlns:xsi="http://www.w3.org/2001/XMLSchema-instance" xsi:noNamespaceSchemaLocation="https://maven.apache.org/surefire/maven-surefire-plugin/xsd/surefire-test-report-3.0.xsd" version="3.0" name="git.yannynz.organizadorproducao.service.AuthenticationServiceTest" time="0.111" tests="8" errors="0" skipped="0" failures="0">
  <properties>
[...]
</properties>
  <testcase name="forgotPassword_WithValidEmail_ShouldSaveTokenAndSendEmail" classname="git.yannynz.organizadorproducao.service.AuthenticationServiceTest" time="0.082"/>
  <testcase name="resetPassword_WithInvalidToken_ShouldThrowException" classname="git.yannynz.organizadorproducao.service.AuthenticationServiceTest" time="0.005"/>
  <testcase name="validateResetToken_WithExpiredToken_ShouldReturnFalse" classname="git.yannynz.organizadorproducao.service.AuthenticationServiceTest" time="0.002"/>
  <testcase name="validateResetToken_WithValidToken_ShouldReturnTrue" classname="git.yannynz.organizadorproducao.service.AuthenticationServiceTest" time="0.002"/>
  <testcase name="forgotPassword_WithInvalidEmail_ShouldDoNothing" classname="git.yannynz.organizadorproducao.service.AuthenticationServiceTest" time="0.003"/>
  <testcase name="resetPassword_WithExpiredToken_ShouldThrowException" classname="git.yannynz.organizadorproducao.service.AuthenticationServiceTest" time="0.005"/>
  <testcase name="resetPassword_WithValidToken_ShouldUpdatePasswordAndRemoveToken" classname="git.yannynz.organizadorproducao.service.AuthenticationServiceTest" time="0.003"/>
  <testcase name="validateResetToken_WithNonExistentToken_ShouldReturnFalse" classname="git.yannynz.organizadorproducao.service.AuthenticationServiceTest" time="0.002"/>
</testsuite>